<?xml version="1.0" encoding="UTF-8"?>
<!-- Generated by org.testng.reporters.JUnitXMLReporter -->
<testsuite hostname="WSS004-MBP.local" name="Surefire test" tests="7" failures="0" timestamp="27 Jan 2016 01:33:21 GMT" time="55.162" errors="0">
  <testcase name="CheckIssuesUI_01" time="0.049" classname="UI.CheckIssuesUI"/>
  <testcase name="CheckIssuesUI_02" time="0.062" classname="UI.CheckIssuesUI"/>
  <testcase name="createIssueUI_01" time="0.924" classname="UI.CreateIssueUI"/>
  <testcase name="createIssueUI_02" time="4.521" classname="UI.CreateIssueUI"/>
  <testcase name="ModifyIssueUI_01" time="6.104" classname="UI.ModifyIssueUI"/>
  <testcase name="openCloseIssueUI_01" time="5.697" classname="UI.OpenCloseIssueUI"/>
  <testcase name="openCloseIssueUI_02" time="5.222" classname="UI.OpenCloseIssueUI"/>
</testsuite> <!-- Surefire test -->
