<?xml version="1.0" encoding="UTF-8"?>
<testng-results skipped="0" failed="0" total="7" passed="7">
  <reporter-output>
    <line>
      <![CDATA[Found WebElement: Dynamically Generated From: login_field | Selector Type: ID | Timeout: 60]]>
    </line>
    <line>
      <![CDATA[Found WebElement: Dynamically Generated From: password | Selector Type: ID | Timeout: 60]]>
    </line>
    <line>
      <![CDATA[Found WebElement: Dynamically Generated From: login | Selector Type: NAME | Timeout: 60]]>
    </line>
    <line>
      <![CDATA[Found 1 objects matching Element Selector: Dynamically Generated From: .//a[contains(text(), 'issue 3')] : .//a[contains(text(), 'issue 3')]]]>
    </line>
    <line>
      <![CDATA[Found 1 objects matching Element Selector: Dynamically Generated From: .//a[contains(text(), 'issue 2')] : .//a[contains(text(), 'issue 2')]]]>
    </line>
    <line>
      <![CDATA[Found WebElement: Dynamically Generated From: btn | Selector Type: CLASS | Timeout: 60]]>
    </line>
    <line>
      <![CDATA[Found WebElement: Dynamically Generated From: login_field | Selector Type: ID | Timeout: 60]]>
    </line>
    <line>
      <![CDATA[Found WebElement: Dynamically Generated From: password | Selector Type: ID | Timeout: 60]]>
    </line>
    <line>
      <![CDATA[Found WebElement: Dynamically Generated From: login | Selector Type: NAME | Timeout: 60]]>
    </line>
    <line>
      <![CDATA[Found WebElement: Dynamically Generated From: issue_title | Selector Type: ID | Timeout: 60]]>
    </line>
    <line>
      <![CDATA[Found WebElement: Dynamically Generated From: issue_body | Selector Type: ID | Timeout: 60]]>
    </line>
    <line>
      <![CDATA[Found WebElement: Dynamically Generated From: .//a[contains(text(), 'Preview')] | Selector Type: XPATH | Timeout: 60]]>
    </line>
    <line>
      <![CDATA[Found 1 objects matching Element Selector: Dynamically Generated From: .//p[contains(text(), 'This is a comment on the issue')] : .//p[contains(text(), 'This is a comment on the issue')]]]>
    </line>
    <line>
      <![CDATA[Found WebElement: Dynamically Generated From: .//button[contains(text(), 'Submit new issue')] | Selector Type: XPATH | Timeout: 60]]>
    </line>
    <line>
      <![CDATA[Found 1 objects matching Element Selector: Dynamically Generated From: .//a[contains(text(), 'New Issue Title0.27755509036678583')] : .//a[contains(text(), 'New Issue Title0.27755509036678583')]]]>
    </line>
    <line>
      <![CDATA[Found WebElement: Dynamically Generated From: btn | Selector Type: CLASS | Timeout: 60]]>
    </line>
    <line>
      <![CDATA[Found WebElement: Dynamically Generated From: login_field | Selector Type: ID | Timeout: 60]]>
    </line>
    <line>
      <![CDATA[Found WebElement: Dynamically Generated From: password | Selector Type: ID | Timeout: 60]]>
    </line>
    <line>
      <![CDATA[Found WebElement: Dynamically Generated From: login | Selector Type: NAME | Timeout: 60]]>
    </line>
    <line>
      <![CDATA[Found WebElement: Dynamically Generated From: .//a[contains(text(), 'issue 2')] | Selector Type: XPATH | Timeout: 60]]>
    </line>
    <line>
      <![CDATA[Found WebElement: Dynamically Generated From: .//*[@id='issue-128990371']/div[1]/div[1]/a | Selector Type: XPATH | Timeout: 60]]>
    </line>
    <line>
      <![CDATA[Found WebElement: Dynamically Generated From: issue-128990371-body | Selector Type: ID | Timeout: 60]]>
    </line>
    <line>
      <![CDATA[Found WebElement: Dynamically Generated From: issue-128990371-body | Selector Type: ID | Timeout: 60]]>
    </line>
    <line>
      <![CDATA[Found WebElement: Dynamically Generated From: .//button[contains(text(), 'Update comment')] | Selector Type: XPATH | Timeout: 60]]>
    </line>
    <line>
      <![CDATA[Found WebElement: Dynamically Generated From: .//*[@id='issue-128990371']/div[2]/div/div/p | Selector Type: XPATH | Timeout: 60]]>
    </line>
    <line>
      <![CDATA[Found WebElement: Dynamically Generated From: btn | Selector Type: CLASS | Timeout: 60]]>
    </line>
    <line>
      <![CDATA[Found WebElement: Dynamically Generated From: login_field | Selector Type: ID | Timeout: 60]]>
    </line>
    <line>
      <![CDATA[Found WebElement: Dynamically Generated From: password | Selector Type: ID | Timeout: 60]]>
    </line>
    <line>
      <![CDATA[Found WebElement: Dynamically Generated From: login | Selector Type: NAME | Timeout: 60]]>
    </line>
    <line>
      <![CDATA[Found WebElement: Dynamically Generated From: js-issues-search | Selector Type: ID | Timeout: 60]]>
    </line>
    <line>
      <![CDATA[Found WebElement: Dynamically Generated From: .//a[contains(text(), 'issue 3')] | Selector Type: XPATH | Timeout: 60]]>
    </line>
    <line>
      <![CDATA[Found WebElement: Dynamically Generated From: .//button[contains(text(), 'Close issue')] | Selector Type: XPATH | Timeout: 60]]>
    </line>
    <line>
      <![CDATA[Found WebElement: Dynamically Generated From: .//*[@id='partial-discussion-header']/div[3]/div[1]/div | Selector Type: XPATH | Timeout: 60]]>
    </line>
    <line>
      <![CDATA[Found WebElement: Dynamically Generated From: .//button[contains(text(), 'Reopen issue')] | Selector Type: XPATH | Timeout: 60]]>
    </line>
    <line>
      <![CDATA[Found WebElement: Dynamically Generated From: .//*[@id='partial-discussion-header']/div[3]/div[1]/div | Selector Type: XPATH | Timeout: 60]]>
    </line>
    <line>
      <![CDATA[Found WebElement: Dynamically Generated From: js-issues-search | Selector Type: ID | Timeout: 60]]>
    </line>
    <line>
      <![CDATA[Found WebElement: Dynamically Generated From: btn | Selector Type: CLASS | Timeout: 60]]>
    </line>
  </reporter-output>
  <suite name="Surefire suite" duration-ms="55162" started-at="2016-01-27T01:32:25Z" finished-at="2016-01-27T01:33:20Z">
    <groups>
    </groups>
    <test name="Surefire test" duration-ms="55162" started-at="2016-01-27T01:32:25Z" finished-at="2016-01-27T01:33:20Z">
      <class name="UI.CheckIssuesUI">
        <test-method status="PASS" signature="setUp()[pri:0, instance:UI.CheckIssuesUI@13459d2c]" name="setUp" is-config="true" duration-ms="7531" started-at="2016-01-27T01:32:25Z" finished-at="2016-01-27T01:32:33Z">
        </test-method> <!-- setUp -->
        <test-method status="PASS" signature="CheckIssuesUI_01()[pri:0, instance:UI.CheckIssuesUI@13459d2c]" name="CheckIssuesUI_01" duration-ms="49" started-at="2016-01-27T01:32:33Z" description="Issue entitled: &#039;issue 3&#039; exists" finished-at="2016-01-27T01:32:33Z">
        </test-method> <!-- CheckIssuesUI_01 -->
        <test-method status="PASS" signature="CheckIssuesUI_02()[pri:0, instance:UI.CheckIssuesUI@13459d2c]" name="CheckIssuesUI_02" duration-ms="62" started-at="2016-01-27T01:32:33Z" description="Issue entitled: &#039;issue 2&#039; exists" finished-at="2016-01-27T01:32:33Z">
        </test-method> <!-- CheckIssuesUI_02 -->
        <test-method status="PASS" signature="tearDown()[pri:0, instance:UI.CheckIssuesUI@13459d2c]" name="tearDown" is-config="true" duration-ms="1131" started-at="2016-01-27T01:32:33Z" finished-at="2016-01-27T01:32:34Z">
        </test-method> <!-- tearDown -->
      </class> <!-- UI.CheckIssuesUI -->
      <class name="UI.OpenCloseIssueUI">
        <test-method status="PASS" signature="setUp()[pri:0, instance:UI.OpenCloseIssueUI@5a0b65e0]" name="setUp" is-config="true" duration-ms="6785" started-at="2016-01-27T01:33:01Z" finished-at="2016-01-27T01:33:08Z">
        </test-method> <!-- setUp -->
        <test-method status="PASS" signature="openCloseIssueUI_01()[pri:0, instance:UI.OpenCloseIssueUI@5a0b65e0]" name="openCloseIssueUI_01" duration-ms="5697" started-at="2016-01-27T01:33:08Z" description="close issue" finished-at="2016-01-27T01:33:13Z">
        </test-method> <!-- openCloseIssueUI_01 -->
        <test-method status="PASS" signature="openCloseIssueUI_02()[pri:0, instance:UI.OpenCloseIssueUI@5a0b65e0]" name="openCloseIssueUI_02" duration-ms="5222" started-at="2016-01-27T01:33:13Z" description="re-open issue" finished-at="2016-01-27T01:33:18Z">
        </test-method> <!-- openCloseIssueUI_02 -->
        <test-method status="PASS" signature="tearDown()[pri:0, instance:UI.OpenCloseIssueUI@5a0b65e0]" name="tearDown" is-config="true" duration-ms="1776" started-at="2016-01-27T01:33:18Z" finished-at="2016-01-27T01:33:20Z">
        </test-method> <!-- tearDown -->
      </class> <!-- UI.OpenCloseIssueUI -->
      <class name="UI.ModifyIssueUI">
        <test-method status="PASS" signature="setUp()[pri:0, instance:UI.ModifyIssueUI@ee7c921]" name="setUp" is-config="true" duration-ms="6606" started-at="2016-01-27T01:32:47Z" finished-at="2016-01-27T01:32:53Z">
        </test-method> <!-- setUp -->
        <test-method status="PASS" signature="ModifyIssueUI_01()[pri:0, instance:UI.ModifyIssueUI@ee7c921]" name="ModifyIssueUI_01" duration-ms="6104" started-at="2016-01-27T01:32:53Z" description="Edit Comments Body" finished-at="2016-01-27T01:33:00Z">
        </test-method> <!-- ModifyIssueUI_01 -->
        <test-method status="PASS" signature="tearDown()[pri:0, instance:UI.ModifyIssueUI@ee7c921]" name="tearDown" is-config="true" duration-ms="1214" started-at="2016-01-27T01:33:00Z" finished-at="2016-01-27T01:33:01Z">
        </test-method> <!-- tearDown -->
      </class> <!-- UI.ModifyIssueUI -->
      <class name="UI.CreateIssueUI">
        <test-method status="PASS" signature="setUp()[pri:0, instance:UI.CreateIssueUI@224d834f]" name="setUp" is-config="true" duration-ms="6388" started-at="2016-01-27T01:32:34Z" finished-at="2016-01-27T01:32:40Z">
        </test-method> <!-- setUp -->
        <test-method status="PASS" signature="createIssueUI_01()[pri:0, instance:UI.CreateIssueUI@224d834f]" name="createIssueUI_01" duration-ms="924" started-at="2016-01-27T01:32:40Z" description="Check the preview matches what it should" finished-at="2016-01-27T01:32:41Z">
        </test-method> <!-- createIssueUI_01 -->
        <test-method status="PASS" signature="createIssueUI_02()[pri:0, instance:UI.CreateIssueUI@224d834f]" name="createIssueUI_02" duration-ms="4521" started-at="2016-01-27T01:32:41Z" description="Submit and verify" finished-at="2016-01-27T01:32:46Z">
        </test-method> <!-- createIssueUI_02 -->
        <test-method status="PASS" signature="tearDown()[pri:0, instance:UI.CreateIssueUI@224d834f]" name="tearDown" is-config="true" duration-ms="1120" started-at="2016-01-27T01:32:46Z" finished-at="2016-01-27T01:32:47Z">
        </test-method> <!-- tearDown -->
      </class> <!-- UI.CreateIssueUI -->
    </test> <!-- Surefire test -->
  </suite> <!-- Surefire suite -->
</testng-results>
